[ 2015-04-16T20:58:56+08:00 ] 127.0.0.1 /dswx/index.php?m=&c=Member&a=user&wecha_id=otjA6tzn83MqjCg_InMRrt6qjOro
INFO: [ app_init ] --START--
INFO: Run Behavior\BuildLiteBehavior [ RunTime:0.000029s ]
INFO: [ app_init ] --END-- [ RunTime:0.000174s ]
INFO: [ app_begin ] --START--
INFO: Run Behavior\ReadHtmlCacheBehavior [ RunTime:0.001406s ]
INFO: [ app_begin ] --END-- [ RunTime:0.001625s ]
NOTIC: [8] Undefined index: wecha_id /home/freephp/www/dswx/Application/Home/Controller/UserWxController.class.php 第 11 行.
NOTIC: [8192] mysql_connect(): The mysql extension is deprecated and will be removed in the future: use mysqli or PDO instead /home/freephp/www/dswx/ThinkPHP/Library/Think/Db/Driver/Mysql.class.php 第 52 行.
SQL: SHOW COLUMNS FROM `t_user` [ RunTime:0.001071s ]
SQL: SELECT * FROM `t_user` WHERE ( `wecha_id` = 'otjA6tzn83MqjCg_InMRrt6qjOro' ) AND ( `status` = 1 ) LIMIT 1   [ RunTime:0.020409s ]
INFO: [ view_parse ] --START--
INFO: [ template_filter ] --START--
INFO: Run Behavior\ContentReplaceBehavior [ RunTime:0.000084s ]
INFO: [ template_filter ] --END-- [ RunTime:0.000190s ]
INFO: Run Behavior\ParseTemplateBehavior [ RunTime:0.065041s ]
INFO: [ view_parse ] --END-- [ RunTime:0.065267s ]
INFO: [ view_filter ] --START--
INFO: Run Behavior\WriteHtmlCacheBehavior [ RunTime:0.017010s ]
INFO: [ view_filter ] --END-- [ RunTime:0.017221s ]
INFO: [ app_end ] --START--
INFO: Run Behavior\ShowPageTraceBehavior [ RunTime:0.004072s ]
INFO: [ app_end ] --END-- [ RunTime:0.004211s ]

[ 2015-04-16T20:59:44+08:00 ] 127.0.0.1 /dswx/index.php?m=&c=Member&a=user&wecha_id=otjA6tzn83MqjCg_InMRrt6qjOro
INFO: [ app_init ] --START--
INFO: Run Behavior\BuildLiteBehavior [ RunTime:0.000023s ]
INFO: [ app_init ] --END-- [ RunTime:0.000152s ]
INFO: [ app_begin ] --START--
INFO: Run Behavior\ReadHtmlCacheBehavior [ RunTime:0.000125s ]
INFO: [ app_begin ] --END-- [ RunTime:0.000268s ]
NOTIC: [8192] mysql_connect(): The mysql extension is deprecated and will be removed in the future: use mysqli or PDO instead /home/freephp/www/dswx/ThinkPHP/Library/Think/Db/Driver/Mysql.class.php 第 52 行.
SQL: SHOW COLUMNS FROM `t_user` [ RunTime:0.000844s ]
SQL: SELECT `wecha_id`,`user_id`,`user_phone`,`user_username`,`user_sfz`,`tax_class` FROM `t_user` WHERE ( `wecha_id` = 'otjA6tzn83MqjCg_InMRrt6qjOro' ) AND ( `status` = 1 ) LIMIT 1   [ RunTime:0.000348s ]
SQL: SELECT * FROM `t_user` WHERE ( `wecha_id` = 'otjA6tzn83MqjCg_InMRrt6qjOro' ) AND ( `status` = 1 ) LIMIT 1   [ RunTime:0.000104s ]
INFO: [ view_parse ] --START--
INFO: [ template_filter ] --START--
INFO: Run Behavior\ContentReplaceBehavior [ RunTime:0.000100s ]
INFO: [ template_filter ] --END-- [ RunTime:0.000230s ]
INFO: Run Behavior\ParseTemplateBehavior [ RunTime:0.006060s ]
INFO: [ view_parse ] --END-- [ RunTime:0.006242s ]
INFO: [ view_filter ] --START--
INFO: Run Behavior\WriteHtmlCacheBehavior [ RunTime:0.000094s ]
INFO: [ view_filter ] --END-- [ RunTime:0.000184s ]
INFO: [ app_end ] --START--
INFO: Run Behavior\ShowPageTraceBehavior [ RunTime:0.000073s ]
INFO: [ app_end ] --END-- [ RunTime:0.000162s ]

