[ 2015-04-22T17:13:12+08:00 ] 127.0.0.1 /dswx/index.php?m=&c=Member&a=user&wecha_id=otjA6tzn83MqjCg_InMRrt6qjOro
INFO: [ app_init ] --START--
INFO: Run Behavior\BuildLiteBehavior [ RunTime:0.000071s ]
INFO: [ app_init ] --END-- [ RunTime:0.000360s ]
INFO: [ app_begin ] --START--
INFO: Run Behavior\ReadHtmlCacheBehavior [ RunTime:0.001883s ]
INFO: [ app_begin ] --END-- [ RunTime:0.002115s ]
NOTIC: [8] Undefined index: wecha_id /home/freephp/www/dswx/Application/Home/Controller/UserWxController.class.php 第 11 行.
NOTIC: [8192] mysql_connect(): The mysql extension is deprecated and will be removed in the future: use mysqli or PDO instead /home/freephp/www/dswx/ThinkPHP/Library/Think/Db/Driver/Mysql.class.php 第 52 行.
SQL: SHOW COLUMNS FROM `t_user` [ RunTime:0.001285s ]
SQL: SELECT * FROM `t_user` WHERE ( `wecha_id` = 'otjA6tzn83MqjCg_InMRrt6qjOro' ) AND ( `status` = 1 ) LIMIT 1   [ RunTime:0.015341s ]
INFO: [ view_parse ] --START--
INFO: [ template_filter ] --START--
INFO: Run Behavior\ContentReplaceBehavior [ RunTime:0.000083s ]
INFO: [ template_filter ] --END-- [ RunTime:0.000192s ]
INFO: Run Behavior\ParseTemplateBehavior [ RunTime:0.043483s ]
INFO: [ view_parse ] --END-- [ RunTime:0.043631s ]
INFO: [ view_filter ] --START--
INFO: Run Behavior\WriteHtmlCacheBehavior [ RunTime:0.006074s ]
INFO: [ view_filter ] --END-- [ RunTime:0.006161s ]
INFO: [ app_end ] --START--
INFO: Run Behavior\ShowPageTraceBehavior [ RunTime:0.002002s ]
INFO: [ app_end ] --END-- [ RunTime:0.002154s ]

[ 2015-04-22T18:37:00+08:00 ] 127.0.0.1 /dswx/index.php?m=&c=Member&a=user&token=sldsj757&wecha_id=otjA6tzn83MqjCg_InMRrt6qjOro
INFO: [ app_init ] --START--
INFO: Run Behavior\BuildLiteBehavior [ RunTime:0.000030s ]
INFO: [ app_init ] --END-- [ RunTime:0.000167s ]
INFO: [ app_begin ] --START--
INFO: Run Behavior\ReadHtmlCacheBehavior [ RunTime:0.000090s ]
INFO: [ app_begin ] --END-- [ RunTime:0.000208s ]
NOTIC: [8] Undefined index: wecha_id /home/freephp/www/dswx/Application/Home/Controller/UserWxController.class.php 第 11 行.
NOTIC: [8192] mysql_connect(): The mysql extension is deprecated and will be removed in the future: use mysqli or PDO instead /home/freephp/www/dswx/ThinkPHP/Library/Think/Db/Driver/Mysql.class.php 第 52 行.
SQL: SHOW COLUMNS FROM `t_user` [ RunTime:0.000752s ]
SQL: SELECT * FROM `t_user` WHERE ( `wecha_id` = 'otjA6tzn83MqjCg_InMRrt6qjOro' ) AND ( `status` = 1 ) LIMIT 1   [ RunTime:0.036198s ]
INFO: [ view_parse ] --START--
INFO: [ template_filter ] --START--
INFO: Run Behavior\ContentReplaceBehavior [ RunTime:0.000115s ]
INFO: [ template_filter ] --END-- [ RunTime:0.000239s ]
INFO: Run Behavior\ParseTemplateBehavior [ RunTime:0.003917s ]
INFO: [ view_parse ] --END-- [ RunTime:0.004013s ]
INFO: [ view_filter ] --START--
INFO: Run Behavior\WriteHtmlCacheBehavior [ RunTime:0.000079s ]
INFO: [ view_filter ] --END-- [ RunTime:0.000166s ]
INFO: [ app_end ] --START--
INFO: Run Behavior\ShowPageTraceBehavior [ RunTime:0.000068s ]
INFO: [ app_end ] --END-- [ RunTime:0.000153s ]

[ 2015-04-22T18:37:03+08:00 ] 127.0.0.1 /dswx/index.php?m=&c=Login&a=loginout1
INFO: [ app_init ] --START--
INFO: Run Behavior\BuildLiteBehavior [ RunTime:0.000048s ]
INFO: [ app_init ] --END-- [ RunTime:0.000271s ]
INFO: [ app_begin ] --START--
INFO: Run Behavior\ReadHtmlCacheBehavior [ RunTime:0.000150s ]
INFO: [ app_begin ] --END-- [ RunTime:0.000321s ]
NOTIC: [8192] mysql_connect(): The mysql extension is deprecated and will be removed in the future: use mysqli or PDO instead /home/freephp/www/dswx/ThinkPHP/Library/Think/Db/Driver/Mysql.class.php 第 52 行.
SQL: SHOW COLUMNS FROM `t_user` [ RunTime:0.001279s ]
SQL: SELECT `wecha_id`,`user_id`,`user_phone`,`user_username`,`user_sfz`,`tax_class` FROM `t_user` WHERE ( `wecha_id` = 'otjA6tzn83MqjCg_InMRrt6qjOro' ) AND ( `status` = 1 ) LIMIT 1   [ RunTime:0.000424s ]
SQL: SHOW COLUMNS FROM `t_user` [ RunTime:0.001290s ]
SQL: SHOW COLUMNS FROM `t_company` [ RunTime:0.001271s ]
SQL: SELECT * FROM `t_user` WHERE ( `wecha_id` = 'otjA6tzn83MqjCg_InMRrt6qjOro' ) AND ( `status` = 1 ) LIMIT 1   [ RunTime:0.000175s ]
SQL: UPDATE `t_user` SET `status`=2 WHERE ( `wecha_id` = 'otjA6tzn83MqjCg_InMRrt6qjOro' ) AND ( `status` = 1 ) [ RunTime:0.000402s ]

[ 2015-04-22T18:37:04+08:00 ] 127.0.0.1 /dswx/index.php?m=&c=Login&a=login
INFO: [ app_init ] --START--
INFO: Run Behavior\BuildLiteBehavior [ RunTime:0.000020s ]
INFO: [ app_init ] --END-- [ RunTime:0.000113s ]
INFO: [ app_begin ] --START--
INFO: Run Behavior\ReadHtmlCacheBehavior [ RunTime:0.000089s ]
INFO: [ app_begin ] --END-- [ RunTime:0.000216s ]
NOTIC: [8] Undefined index: wecha_id /home/freephp/www/dswx/Application/Home/Controller/UserWxController.class.php 第 11 行.
INFO: [ view_parse ] --START--
INFO: [ template_filter ] --START--
INFO: Run Behavior\ContentReplaceBehavior [ RunTime:0.000086s ]
INFO: [ template_filter ] --END-- [ RunTime:0.000173s ]
INFO: Run Behavior\ParseTemplateBehavior [ RunTime:0.003141s ]
INFO: [ view_parse ] --END-- [ RunTime:0.003225s ]
INFO: [ view_filter ] --START--
INFO: Run Behavior\WriteHtmlCacheBehavior [ RunTime:0.000063s ]
INFO: [ view_filter ] --END-- [ RunTime:0.000137s ]
INFO: [ app_end ] --START--
INFO: Run Behavior\ShowPageTraceBehavior [ RunTime:0.000058s ]
INFO: [ app_end ] --END-- [ RunTime:0.000133s ]

[ 2015-04-22T18:38:29+08:00 ] 127.0.0.1 /dswx/index.php?m=&c=Login&a=login
INFO: [ app_init ] --START--
INFO: Run Behavior\BuildLiteBehavior [ RunTime:0.000041s ]
INFO: [ app_init ] --END-- [ RunTime:0.000236s ]
INFO: [ app_begin ] --START--
INFO: Run Behavior\ReadHtmlCacheBehavior [ RunTime:0.000132s ]
INFO: [ app_begin ] --END-- [ RunTime:0.000304s ]
NOTIC: [8] Undefined index: wecha_id /home/freephp/www/dswx/Application/Home/Controller/UserWxController.class.php 第 11 行.
INFO: [ view_parse ] --START--
INFO: [ template_filter ] --START--
INFO: Run Behavior\ContentReplaceBehavior [ RunTime:0.000089s ]
INFO: [ template_filter ] --END-- [ RunTime:0.000188s ]
INFO: Run Behavior\ParseTemplateBehavior [ RunTime:0.004158s ]
INFO: [ view_parse ] --END-- [ RunTime:0.004271s ]
INFO: [ view_filter ] --START--
INFO: Run Behavior\WriteHtmlCacheBehavior [ RunTime:0.000069s ]
INFO: [ view_filter ] --END-- [ RunTime:0.000144s ]
INFO: [ app_end ] --START--
INFO: Run Behavior\ShowPageTraceBehavior [ RunTime:0.000065s ]
INFO: [ app_end ] --END-- [ RunTime:0.000141s ]

[ 2015-04-22T18:39:18+08:00 ] 127.0.0.1 /dswx/index.php?m=&c=Login&a=login
INFO: [ app_init ] --START--
INFO: Run Behavior\BuildLiteBehavior [ RunTime:0.000034s ]
INFO: [ app_init ] --END-- [ RunTime:0.000184s ]
INFO: [ app_begin ] --START--
INFO: Run Behavior\ReadHtmlCacheBehavior [ RunTime:0.000104s ]
INFO: [ app_begin ] --END-- [ RunTime:0.000237s ]
NOTIC: [8] Undefined index: wecha_id /home/freephp/www/dswx/Application/Home/Controller/UserWxController.class.php 第 11 行.
INFO: [ view_parse ] --START--
INFO: [ template_filter ] --START--
INFO: Run Behavior\ContentReplaceBehavior [ RunTime:0.000127s ]
INFO: [ template_filter ] --END-- [ RunTime:0.000251s ]
INFO: Run Behavior\ParseTemplateBehavior [ RunTime:0.003405s ]
INFO: [ view_parse ] --END-- [ RunTime:0.003501s ]
INFO: [ view_filter ] --START--
INFO: Run Behavior\WriteHtmlCacheBehavior [ RunTime:0.000073s ]
INFO: [ view_filter ] --END-- [ RunTime:0.000159s ]
INFO: [ app_end ] --START--
INFO: Run Behavior\ShowPageTraceBehavior [ RunTime:0.000067s ]
INFO: [ app_end ] --END-- [ RunTime:0.000154s ]

